2026-02-18 19:03:25 - === Admin Dashboard Loaded ===
2026-02-18 19:03:25 - Config loaded
2026-02-18 19:03:25 - Login check passed, user: admin
2026-02-18 19:03:25 - getUserRole() returned: villager
2026-02-18 19:03:25 - Not admin! Redirecting to role-selection.php
2026-02-18 19:03:28 - === Admin Dashboard Loaded ===
2026-02-18 19:03:28 - Config loaded
2026-02-18 19:03:28 - Login check passed, user: admin
2026-02-18 19:03:28 - getUserRole() returned: villager
2026-02-18 19:03:28 - Not admin! Redirecting to role-selection.php
2026-02-18 19:03:41 - === Admin Dashboard Loaded ===
2026-02-18 19:03:41 - Config loaded
2026-02-18 19:03:41 - Login check passed, user: admin
2026-02-18 19:03:41 - getUserRole() returned: villager
2026-02-18 19:03:41 - Not admin! Redirecting to role-selection.php
2026-02-18 19:04:21 - === Admin Dashboard Loaded ===
2026-02-18 19:04:21 - Config loaded
2026-02-18 19:04:21 - Login check passed, user: admin
2026-02-18 19:04:21 - getUserRole() returned: villager
2026-02-18 19:04:21 - Not admin! Redirecting to role-selection.php
2026-02-18 19:06:00 - === Admin Dashboard Loaded ===
2026-02-18 19:06:00 - Config loaded
2026-02-18 19:06:00 - Login check passed, user: admin
2026-02-18 19:06:00 - getUserRole() returned: villager
2026-02-18 19:06:00 - Not admin! Redirecting to role-selection.php
2026-02-18 19:06:06 - === Admin Dashboard Loaded ===
2026-02-18 19:06:06 - Config loaded
2026-02-18 19:06:06 - Login check passed, user: admin
2026-02-18 19:06:06 - getUserRole() returned: villager
2026-02-18 19:06:06 - Not admin! Redirecting to role-selection.php
